c:\users\dungngoc\desktop\game\gamedev-intro-tutorials\04-collision\debug\vc141.pdb
c:\users\dungngoc\desktop\game\gamedev-intro-tutorials\04-collision\debug\vc141.idb
c:\users\dungngoc\desktop\game\gamedev-intro-tutorials\04-collision\debug\textures.obj
c:\users\dungngoc\desktop\game\gamedev-intro-tutorials\04-collision\debug\sprites.obj
c:\users\dungngoc\desktop\game\gamedev-intro-tutorials\04-collision\debug\mario.obj
c:\users\dungngoc\desktop\game\gamedev-intro-tutorials\04-collision\debug\main.obj
c:\users\dungngoc\desktop\game\gamedev-intro-tutorials\04-collision\debug\goomba.obj
c:\users\dungngoc\desktop\game\gamedev-intro-tutorials\04-collision\debug\gameobject.obj
c:\users\dungngoc\desktop\game\gamedev-intro-tutorials\04-collision\debug\game.obj
c:\users\dungngoc\desktop\game\gamedev-intro-tutorials\04-collision\debug\debug.obj
c:\users\dungngoc\desktop\game\gamedev-intro-tutorials\04-collision\debug\brick.obj
c:\users\dungngoc\desktop\game\gamedev-intro-tutorials\debug\04-collision.pdb
c:\users\dungngoc\desktop\game\gamedev-intro-tutorials\debug\04-collision.exe
c:\users\dungngoc\desktop\game\gamedev-intro-tutorials\debug\04-collision.ilk
c:\users\dungngoc\desktop\game\gamedev-intro-tutorials\04-collision\debug\04-collision.tlog\cl.command.1.tlog
c:\users\dungngoc\desktop\game\gamedev-intro-tutorials\04-collision\debug\04-collision.tlog\cl.read.1.tlog
c:\users\dungngoc\desktop\game\gamedev-intro-tutorials\04-collision\debug\04-collision.tlog\cl.write.1.tlog
c:\users\dungngoc\desktop\game\gamedev-intro-tutorials\04-collision\debug\04-collision.tlog\link.command.1.tlog
c:\users\dungngoc\desktop\game\gamedev-intro-tutorials\04-collision\debug\04-collision.tlog\link.read.1.tlog
c:\users\dungngoc\desktop\game\gamedev-intro-tutorials\04-collision\debug\04-collision.tlog\link.write.1.tlog
